<?xml version="1.0" encoding="windows-1252" standalone="no"?>
<!DOCTYPE log SYSTEM "logger.dtd">
<log>
<record>
  <date>2020-03-22T21:04:37</date>
  <millis>1584907477979</millis>
  <sequence>0</sequence>
  <logger>global</logger>
  <level>INFO</level>
  <class>logic.Log</class>
  <method>infoLog</method>
  <thread>1</thread>
  <message>This is the real Hello Wolrd ! </message>
</record>
</log>
<?xml version="1.0" encoding="windows-1252" standalone="no"?>
<!DOCTYPE log SYSTEM "logger.dtd">
<log>
<record>
  <date>2020-03-22T21:07:35</date>
  <millis>1584907655733</millis>
  <sequence>0</sequence>
  <logger>global</logger>
  <level>INFO</level>
  <class>logic.Log</class>
  <method>infoLog</method>
  <thread>1</thread>
  <message>This is the real Hello Wolrd ! </message>
</record>
</log>
